<?xml version="1.0" encoding="UTF-8"?>
<!-- Generated by org.testng.reporters.JUnitReportReporter -->
<testsuite hostname="DESKTOP-Q6P75S7" failures="0" tests="1" name="com.facebookRegistrationPage.FacebookSignup" time="5.138" errors="0" timestamp="2023-02-05T19:43:22 EST" skipped="0">
  <testcase classname="com.facebookRegistrationPage.FacebookSignup" name="openApp" time="5.138"/>
  <system-out/>
</testsuite> <!-- com.facebookRegistrationPage.FacebookSignup -->
