<?xml version="1.0" encoding="UTF-8"?>
<!-- Generated by org.testng.reporters.JUnitReportReporter -->
<testsuite hostname="DESKTOP-Q6P75S7" failures="0" tests="1" name="com.facebook_FindElements.LoginTest2" time="0.008" errors="0" timestamp="2023-02-05T14:59:09 EST" skipped="0">
  <testcase classname="com.facebook_FindElements.LoginTest2" name="validLoginTest" time="0.008"/>
  <system-out/>
</testsuite> <!-- com.facebook_FindElements.LoginTest2 -->
