<?xml version="1.0" encoding="UTF-8"?>
<!-- Generated by org.testng.reporters.JUnitReportReporter -->
<testsuite hostname="DESKTOP-Q6P75S7" failures="0" tests="1" name="com.facebook.TestNgTest" time="0.013" errors="0" timestamp="2023-02-04T21:37:13 EST" skipped="0">
  <testcase classname="com.facebook.TestNgTest" name="HelloTest" time="0.013"/>
  <system-out/>
</testsuite> <!-- com.facebook.TestNgTest -->
