<?xml version="1.0" encoding="UTF-8"?>
<!-- Generated by org.testng.reporters.JUnitReportReporter -->
<testsuite hostname="DESKTOP-Q6P75S7" failures="0" tests="3" name="com.facebookLoginPageWithPageFactory.PageFactoryLoginTest" time="15.547" errors="0" timestamp="2023-02-05T14:35:32 EST" skipped="0">
  <testcase classname="com.facebookLoginPageWithPageFactory.PageFactoryLoginTest" name="doLoginTest" time="6.075"/>
  <system-out/>
  <testcase classname="com.facebookLoginPageWithPageFactory.PageFactoryLoginTest" name="validPasswordTest" time="4.892"/>
  <system-out/>
  <testcase classname="com.facebookLoginPageWithPageFactory.PageFactoryLoginTest" name="validuserNameTest" time="4.580"/>
  <system-out/>
</testsuite> <!-- com.facebookLoginPageWithPageFactory.PageFactoryLoginTest -->
