<?xml version="1.0" encoding="UTF-8"?>
<!-- Generated by org.testng.reporters.JUnitReportReporter -->
<testsuite hostname="DESKTOP-Q6P75S7" failures="0" tests="1" name="com.facebookRegistrationPage.RegistrationTest" time="14.268" errors="0" timestamp="2023-02-27T23:14:16 EST" skipped="0">
  <testcase classname="com.facebookRegistrationPage.RegistrationTest" name="openApp" time="14.268"/>
</testsuite> <!-- com.facebookRegistrationPage.RegistrationTest -->
