<?xml version="1.0" encoding="UTF-8"?>
<!-- Generated by org.testng.reporters.JUnitReportReporter -->
<testsuite hostname="DESKTOP-Q6P75S7" failures="0" tests="1" name="com.facebookLoginTest.LoginPageWithVariablesTest" time="7.979" errors="0" timestamp="2023-01-31T19:58:25 EST" skipped="0">
  <testcase classname="com.facebookLoginTest.LoginPageWithVariablesTest" name="boundaryLoginTest" time="7.979"/>
  <system-out/>
</testsuite> <!-- com.facebookLoginTest.LoginPageWithVariablesTest -->
