<?xml version="1.0" encoding="UTF-8"?>
<!-- Generated by org.testng.reporters.JUnitReportReporter -->
<testsuite hostname="DESKTOP-Q6P75S7" failures="0" tests="1" name="com.twitch_FindElements.LoginTest2" time="0.018" errors="0" timestamp="2023-01-19T21:29:06 EST" skipped="0">
  <testcase classname="com.twitch_FindElements.LoginTest2" name="validLoginTest" time="0.018"/>
  <system-out/>
</testsuite> <!-- com.twitch_FindElements.LoginTest2 -->
