<?xml version="1.0" encoding="UTF-8"?>
<!-- Generated by org.testng.reporters.JUnitReportReporter -->
<testsuite hostname="DESKTOP-Q6P75S7" failures="0" tests="4" name="com.facebookLoginTest.LoginTest" time="14.209" errors="0" timestamp="2023-02-27T23:38:37 EST" skipped="0">
  <testcase classname="com.facebookLoginTest.LoginTest" name="validLoginTest3" time="0.002"/>
  <testcase classname="com.facebookLoginTest.LoginTest" name="validLoginTest1" time="5.930"/>
  <testcase classname="com.facebookLoginTest.LoginTest" name="validLoginTest4" time="0.008"/>
  <testcase classname="com.facebookLoginTest.LoginTest" name="validLoginTest2" time="8.269"/>
</testsuite> <!-- com.facebookLoginTest.LoginTest -->
