<?xml version="1.0" encoding="UTF-8"?>
<!-- Generated by org.testng.reporters.JUnitReportReporter -->
<testsuite hostname="DESKTOP-Q6P75S7" failures="0" tests="1" name="com.twitch.TestNgTest" time="0.012" errors="0" timestamp="2023-01-19T20:12:03 EST" skipped="0">
  <testcase classname="com.twitch.TestNgTest" name="HelloTest" time="0.012"/>
  <system-out/>
</testsuite> <!-- com.twitch.TestNgTest -->
