<?xml version="1.0" encoding="UTF-8"?>
<!-- Generated by org.testng.reporters.JUnitReportReporter -->
<testsuite hostname="DESKTOP-Q6P75S7" failures="0" tests="1" name="com.facebookRegistrationPage.LoginTest" time="6.419" errors="0" timestamp="2023-02-11T21:28:29 EST" skipped="0">
  <testcase classname="com.facebookRegistrationPage.LoginTest" name="openApp" time="6.419"/>
  <system-out/>
</testsuite> <!-- com.facebookRegistrationPage.LoginTest -->
